# JRE version: OpenJDK Runtime Environment Temurin-21.0.11+10 (21.0.11+10) (build 21.0.11+10-LTS)
# Java VM: OpenJDK 64-Bit Server VM Temurin-21.0.11+10 (21.0.11+10-LTS, mixed mode, sharing, tiered, compressed oops, compressed class ptrs, parallel gc, windows-amd64)
GC Precious Log:
 CardTable entry size: 512
 CPUs: 8 total, 8 available
 Memory: 7418M
 Large Page Support: Disabled
 NUMA Support: Disabled
 Compressed Oops: Enabled (32-bit)
 Alignments: Space 512K, Generation 512K, Heap 2M
 Heap Min Capacity: 100M
 Heap Initial Capacity: 100M
 Heap Max Capacity: 2G
 Pre-touch: Disabled
 Parallel Workers: 8
Heap:
 PSYoungGen      total 2560K, used 114K [0x00000000d5580000, 0x00000000d5900000, 0x0000000100000000)
  eden space 2048K, 5% used [0x00000000d5580000,0x00000000d559c860,0x00000000d5780000)
  from space 512K, 0% used [0x00000000d5800000,0x00000000d5800000,0x00000000d5880000)
  to   space 512K, 0% used [0x00000000d5880000,0x00000000d5880000,0x00000000d5900000)
 ParOldGen       total 883712K, used 221856K [0x0000000080000000, 0x00000000b5f00000, 0x00000000d5580000)
  object space 883712K, 25% used [0x0000000080000000,0x000000008d8a8280,0x00000000b5f00000)
 Metaspace       used 81621K, committed 83264K, reserved 1179648K
  class space    used 8544K, committed 9216K, reserved 1048576K
GC Heap History (20 events):
Event: 536.495 GC heap before
{Heap before GC invocations=1892 (full 3):
 PSYoungGen      total 3072K, used 2536K [0x00000000d5580000, 0x00000000d5980000, 0x0000000100000000)
  eden space 2048K, 100% used [0x00000000d5580000,0x00000000d5780000,0x00000000d5780000)
  from space 1024K, 47% used [0x00000000d5880000,0x00000000d58fa0c0,0x00000000d5980000)
  to   space 1024K, 0% used [0x00000000d5780000,0x00000000d5780000,0x00000000d5880000)
 ParOldGen       total 881152K, used 880871K [0x0000000080000000, 0x00000000b5c80000, 0x00000000d5580000)
  object space 881152K, 99% used [0x0000000080000000,0x00000000b5c39cd8,0x00000000b5c80000)
 Metaspace       used 80972K, committed 82624K, reserved 1179648K
  class space    used 8455K, committed 9088K, reserved 1048576K
}
Event: 536.502 GC heap after
{Heap after GC invocations=1892 (full 3):
 PSYoungGen      total 3072K, used 272K [0x00000000d5580000, 0x00000000d5900000, 0x0000000100000000)
  eden space 2048K, 0% used [0x00000000d5580000,0x00000000d5580000,0x00000000d5780000)
  from space 1024K, 26% used [0x00000000d5780000,0x00000000d57c4010,0x00000000d5880000)
  to   space 512K, 0% used [0x00000000d5880000,0x00000000d5880000,0x00000000d5900000)
 ParOldGen       total 881152K, used 881085K [0x0000000080000000, 0x00000000b5c80000, 0x00000000d5580000)
  object space 881152K, 99% used [0x0000000080000000,0x00000000b5c6f478,0x00000000b5c80000)
 Metaspace       used 80972K, committed 82624K, reserved 1179648K
  class space    used 8455K, committed 9088K, reserved 1048576K
}
Event: 536.881 GC heap before
{Heap before GC invocations=1893 (full 3):
 PSYoungGen      total 3072K, used 2320K [0x00000000d5580000, 0x00000000d5900000, 0x0000000100000000)
  eden space 2048K, 100% used [0x00000000d5580000,0x00000000d5780000,0x00000000d5780000)
  from space 1024K, 26% used [0x00000000d5780000,0x00000000d57c4010,0x00000000d5880000)
  to   space 512K, 0% used [0x00000000d5880000,0x00000000d5880000,0x00000000d5900000)
 ParOldGen       total 881152K, used 881085K [0x0000000080000000, 0x00000000b5c80000, 0x00000000d5580000)
  object space 881152K, 99% used [0x0000000080000000,0x00000000b5c6f478,0x00000000b5c80000)
 Metaspace       used 80975K, committed 82624K, reserved 1179648K
  class space    used 8455K, committed 9088K, reserved 1048576K
}
Event: 536.888 GC heap after
{Heap after GC invocations=1893 (full 3):
 PSYoungGen      total 2560K, used 276K [0x00000000d5580000, 0x00000000d5900000, 0x0000000100000000)
  eden space 2048K, 0% used [0x00000000d5580000,0x00000000d5580000,0x00000000d5780000)
  from space 512K, 54% used [0x00000000d5880000,0x00000000d58c5200,0x00000000d5900000)
  to   space 512K, 0% used [0x00000000d5800000,0x00000000d5800000,0x00000000d5880000)
 ParOldGen       total 881664K, used 881172K [0x0000000080000000, 0x00000000b5d00000, 0x00000000d5580000)
  object space 881664K, 99% used [0x0000000080000000,0x00000000b5c850c0,0x00000000b5d00000)
 Metaspace       used 80975K, committed 82624K, reserved 1179648K
  class space    used 8455K, committed 9088K, reserved 1048576K
}
Event: 537.386 GC heap before
{Heap before GC invocations=1894 (full 3):
 PSYoungGen      total 2560K, used 2293K [0x00000000d5580000, 0x00000000d5900000, 0x0000000100000000)
  eden space 2048K, 98% used [0x00000000d5580000,0x00000000d5778448,0x00000000d5780000)
  from space 512K, 54% used [0x00000000d5880000,0x00000000d58c5200,0x00000000d5900000)
  to   space 512K, 0% used [0x00000000d5800000,0x00000000d5800000,0x00000000d5880000)
 ParOldGen       total 881664K, used 881172K [0x0000000080000000, 0x00000000b5d00000, 0x00000000d5580000)
  object space 881664K, 99% used [0x0000000080000000,0x00000000b5c850c0,0x00000000b5d00000)
 Metaspace       used 81013K, committed 82624K, reserved 1179648K
  class space    used 8462K, committed 9088K, reserved 1048576K
}
Event: 537.395 GC heap after
{Heap after GC invocations=1894 (full 3):
 PSYoungGen      total 2560K, used 499K [0x00000000d5580000, 0x00000000d5980000, 0x0000000100000000)
  eden space 2048K, 0% used [0x00000000d5580000,0x00000000d5580000,0x00000000d5780000)
  from space 512K, 97% used [0x00000000d5800000,0x00000000d587cdb0,0x00000000d5880000)
  to   space 1024K, 0% used [0x00000000d5880000,0x00000000d5880000,0x00000000d5980000)
 ParOldGen       total 881664K, used 881517K [0x0000000080000000, 0x00000000b5d00000, 0x00000000d5580000)
  object space 881664K, 99% used [0x0000000080000000,0x00000000b5cdb4c0,0x00000000b5d00000)
 Metaspace       used 81013K, committed 82624K, reserved 1179648K
  class space    used 8462K, committed 9088K, reserved 1048576K
}
Event: 538.091 GC heap before
{Heap before GC invocations=1895 (full 3):
 PSYoungGen      total 2560K, used 2547K [0x00000000d5580000, 0x00000000d5980000, 0x0000000100000000)
  eden space 2048K, 99% used [0x00000000d5580000,0x00000000d577ff98,0x00000000d5780000)
  from space 512K, 97% used [0x00000000d5800000,0x00000000d587cdb0,0x00000000d5880000)
  to   space 1024K, 0% used [0x00000000d5880000,0x00000000d5880000,0x00000000d5980000)
 ParOldGen       total 881664K, used 881517K [0x0000000080000000, 0x00000000b5d00000, 0x00000000d5580000)
  object space 881664K, 99% used [0x0000000080000000,0x00000000b5cdb4c0,0x00000000b5d00000)
 Metaspace       used 81092K, committed 82752K, reserved 1179648K
  class space    used 8486K, committed 9152K, reserved 1048576K
}
Event: 538.096 GC heap after
{Heap after GC invocations=1895 (full 3):
 PSYoungGen      total 3072K, used 580K [0x00000000d5580000, 0x00000000d5980000, 0x0000000100000000)
  eden space 2048K, 0% used [0x00000000d5580000,0x00000000d5580000,0x00000000d5780000)
  from space 1024K, 56% used [0x00000000d5880000,0x00000000d5911210,0x00000000d5980000)
  to   space 1024K, 0% used [0x00000000d5780000,0x00000000d5780000,0x00000000d5880000)
 ParOldGen       total 882176K, used 881901K [0x0000000080000000, 0x00000000b5d80000, 0x00000000d5580000)
  object space 882176K, 99% used [0x0000000080000000,0x00000000b5d3b4d0,0x00000000b5d80000)
 Metaspace       used 81092K, committed 82752K, reserved 1179648K
  class space    used 8486K, committed 9152K, reserved 1048576K
}
Event: 538.610 GC heap before
{Heap before GC invocations=1896 (full 3):
 PSYoungGen      total 3072K, used 2628K [0x00000000d5580000, 0x00000000d5980000, 0x0000000100000000)
  eden space 2048K, 100% used [0x00000000d5580000,0x00000000d5780000,0x00000000d5780000)
  from space 1024K, 56% used [0x00000000d5880000,0x00000000d5911210,0x00000000d5980000)
  to   space 1024K, 0% used [0x00000000d5780000,0x00000000d5780000,0x00000000d5880000)
 ParOldGen       total 882176K, used 881901K [0x0000000080000000, 0x00000000b5d80000, 0x00000000d5580000)
  object space 882176K, 99% used [0x0000000080000000,0x00000000b5d3b4d0,0x00000000b5d80000)
 Metaspace       used 81191K, committed 82880K, reserved 1179648K
  class space    used 8495K, committed 9216K, reserved 1048576K
}
Event: 538.615 GC heap after
{Heap after GC invocations=1896 (full 3):
 PSYoungGen      total 3072K, used 576K [0x00000000d5580000, 0x00000000d5980000, 0x0000000100000000)
  eden space 2048K, 0% used [0x00000000d5580000,0x00000000d5580000,0x00000000d5780000)
  from space 1024K, 56% used [0x00000000d5780000,0x00000000d5810000,0x00000000d5880000)
  to   space 1024K, 0% used [0x00000000d5880000,0x00000000d5880000,0x00000000d5980000)
 ParOldGen       total 882688K, used 882349K [0x0000000080000000, 0x00000000b5e00000, 0x00000000d5580000)
  object space 882688K, 99% used [0x0000000080000000,0x00000000b5dab5b0,0x00000000b5e00000)
 Metaspace       used 81191K, committed 82880K, reserved 1179648K
  class space    used 8495K, committed 9216K, reserved 1048576K
}
Event: 539.046 GC heap before
{Heap before GC invocations=1897 (full 3):
 PSYoungGen      total 3072K, used 2624K [0x00000000d5580000, 0x00000000d5980000, 0x0000000100000000)
  eden space 2048K, 100% used [0x00000000d5580000,0x00000000d5780000,0x00000000d5780000)
  from space 1024K, 56% used [0x00000000d5780000,0x00000000d5810000,0x00000000d5880000)
  to   space 1024K, 0% used [0x00000000d5880000,0x00000000d5880000,0x00000000d5980000)
 ParOldGen       total 882688K, used 882349K [0x0000000080000000, 0x00000000b5e00000, 0x00000000d5580000)
  object space 882688K, 99% used [0x0000000080000000,0x00000000b5dab5b0,0x00000000b5e00000)
 Metaspace       used 81239K, committed 82880K, reserved 1179648K
  class space    used 8514K, committed 9216K, reserved 1048576K
}
Event: 539.052 GC heap after
{Heap after GC invocations=1897 (full 3):
 PSYoungGen      total 3072K, used 554K [0x00000000d5580000, 0x00000000d5980000, 0x0000000100000000)
  eden space 2048K, 0% used [0x00000000d5580000,0x00000000d5580000,0x00000000d5780000)
  from space 1024K, 54% used [0x00000000d5880000,0x00000000d590a910,0x00000000d5980000)
  to   space 1024K, 0% used [0x00000000d5780000,0x00000000d5780000,0x00000000d5880000)
 ParOldGen       total 883200K, used 882829K [0x0000000080000000, 0x00000000b5e80000, 0x00000000d5580000)
  object space 883200K, 99% used [0x0000000080000000,0x00000000b5e235b0,0x00000000b5e80000)
 Metaspace       used 81239K, committed 82880K, reserved 1179648K
  class space    used 8514K, committed 9216K, reserved 1048576K
}
Event: 540.500 GC heap before
{Heap before GC invocations=1898 (full 3):
 PSYoungGen      total 3072K, used 2602K [0x00000000d5580000, 0x00000000d5980000, 0x0000000100000000)
  eden space 2048K, 100% used [0x00000000d5580000,0x00000000d5780000,0x00000000d5780000)
  from space 1024K, 54% used [0x00000000d5880000,0x00000000d590a910,0x00000000d5980000)
  to   space 1024K, 0% used [0x00000000d5780000,0x00000000d5780000,0x00000000d5880000)
 ParOldGen       total 883200K, used 882829K [0x0000000080000000, 0x00000000b5e80000, 0x00000000d5580000)
  object space 883200K, 99% used [0x0000000080000000,0x00000000b5e235b0,0x00000000b5e80000)
 Metaspace       used 81357K, committed 83008K, reserved 1179648K
  class space    used 8522K, committed 9216K, reserved 1048576K
}
Event: 540.508 GC heap after
{Heap after GC invocations=1898 (full 3):
 PSYoungGen      total 3072K, used 416K [0x00000000d5580000, 0x00000000d5900000, 0x0000000100000000)
  eden space 2048K, 0% used [0x00000000d5580000,0x00000000d5580000,0x00000000d5780000)
  from space 1024K, 40% used [0x00000000d5780000,0x00000000d57e8000,0x00000000d5880000)
  to   space 512K, 0% used [0x00000000d5880000,0x00000000d5880000,0x00000000d5900000)
 ParOldGen       total 883200K, used 882917K [0x0000000080000000, 0x00000000b5e80000, 0x00000000d5580000)
  object space 883200K, 99% used [0x0000000080000000,0x00000000b5e395b0,0x00000000b5e80000)
 Metaspace       used 81357K, committed 83008K, reserved 1179648K
  class space    used 8522K, committed 9216K, reserved 1048576K
}
Event: 541.375 GC heap before
{Heap before GC invocations=1899 (full 3):
 PSYoungGen      total 3072K, used 2464K [0x00000000d5580000, 0x00000000d5900000, 0x0000000100000000)
  eden space 2048K, 100% used [0x00000000d5580000,0x00000000d5780000,0x00000000d5780000)
  from space 1024K, 40% used [0x00000000d5780000,0x00000000d57e8000,0x00000000d5880000)
  to   space 512K, 0% used [0x00000000d5880000,0x00000000d5880000,0x00000000d5900000)
 ParOldGen       total 883200K, used 882917K [0x0000000080000000, 0x00000000b5e80000, 0x00000000d5580000)
  object space 883200K, 99% used [0x0000000080000000,0x00000000b5e395b0,0x00000000b5e80000)
 Metaspace       used 81617K, committed 83264K, reserved 1179648K
  class space    used 8543K, committed 9216K, reserved 1048576K
}
Event: 541.379 GC heap after
{Heap after GC invocations=1899 (full 3):
 PSYoungGen      total 2560K, used 384K [0x00000000d5580000, 0x00000000d5900000, 0x0000000100000000)
  eden space 2048K, 0% used [0x00000000d5580000,0x00000000d5580000,0x00000000d5780000)
  from space 512K, 75% used [0x00000000d5880000,0x00000000d58e0000,0x00000000d5900000)
  to   space 512K, 0% used [0x00000000d5800000,0x00000000d5800000,0x00000000d5880000)
 ParOldGen       total 883712K, used 883243K [0x0000000080000000, 0x00000000b5f00000, 0x00000000d5580000)
  object space 883712K, 99% used [0x0000000080000000,0x00000000b5e8ae20,0x00000000b5f00000)
 Metaspace       used 81617K, committed 83264K, reserved 1179648K
  class space    used 8543K, committed 9216K, reserved 1048576K
}
Event: 541.388 GC heap before
{Heap before GC invocations=1900 (full 3):
 PSYoungGen      total 2560K, used 426K [0x00000000d5580000, 0x00000000d5900000, 0x0000000100000000)
  eden space 2048K, 2% used [0x00000000d5580000,0x00000000d558aaa8,0x00000000d5780000)
  from space 512K, 75% used [0x00000000d5880000,0x00000000d58e0000,0x00000000d5900000)
  to   space 512K, 0% used [0x00000000d5800000,0x00000000d5800000,0x00000000d5880000)
 ParOldGen       total 883712K, used 883243K [0x0000000080000000, 0x00000000b5f00000, 0x00000000d5580000)
  object space 883712K, 99% used [0x0000000080000000,0x00000000b5e8ae20,0x00000000b5f00000)
 Metaspace       used 81621K, committed 83264K, reserved 1179648K
  class space    used 8544K, committed 9216K, reserved 1048576K
}
Event: 541.392 GC heap after
{Heap after GC invocations=1900 (full 3):
 PSYoungGen      total 2560K, used 128K [0x00000000d5580000, 0x00000000d5900000, 0x0000000100000000)
  eden space 2048K, 0% used [0x00000000d5580000,0x00000000d5580000,0x00000000d5780000)
  from space 512K, 25% used [0x00000000d5800000,0x00000000d5820000,0x00000000d5880000)
  to   space 512K, 0% used [0x00000000d5880000,0x00000000d5880000,0x00000000d5900000)
 ParOldGen       total 883712K, used 883523K [0x0000000080000000, 0x00000000b5f00000, 0x00000000d5580000)
  object space 883712K, 99% used [0x0000000080000000,0x00000000b5ed0e20,0x00000000b5f00000)
 Metaspace       used 81621K, committed 83264K, reserved 1179648K
  class space    used 8544K, committed 9216K, reserved 1048576K
}
Event: 541.392 GC heap before
{Heap before GC invocations=1901 (full 4):
 PSYoungGen      total 2560K, used 128K [0x00000000d5580000, 0x00000000d5900000, 0x0000000100000000)
  eden space 2048K, 0% used [0x00000000d5580000,0x00000000d5580000,0x00000000d5780000)
  from space 512K, 25% used [0x00000000d5800000,0x00000000d5820000,0x00000000d5880000)
  to   space 512K, 0% used [0x00000000d5880000,0x00000000d5880000,0x00000000d5900000)
 ParOldGen       total 883712K, used 883523K [0x0000000080000000, 0x00000000b5f00000, 0x00000000d5580000)
  object space 883712K, 99% used [0x0000000080000000,0x00000000b5ed0e20,0x00000000b5f00000)
 Metaspace       used 81621K, committed 83264K, reserved 1179648K
  class space    used 8544K, committed 9216K, reserved 1048576K
}
Event: 551.802 GC heap after
{Heap after GC invocations=1901 (full 4):
 PSYoungGen      total 2560K, used 0K [0x00000000d5580000, 0x00000000d5900000, 0x0000000100000000)
  eden space 2048K, 0% used [0x00000000d5580000,0x00000000d5580000,0x00000000d5780000)
  from space 512K, 0% used [0x00000000d5800000,0x00000000d5800000,0x00000000d5880000)
  to   space 512K, 0% used [0x00000000d5880000,0x00000000d5880000,0x00000000d5900000)
 ParOldGen       total 883712K, used 221856K [0x0000000080000000, 0x00000000b5f00000, 0x00000000d5580000)
  object space 883712K, 25% used [0x0000000080000000,0x000000008d8a8280,0x00000000b5f00000)
 Metaspace       used 81616K, committed 83264K, reserved 1179648K
  class space    used 8542K, committed 9216K, reserved 1048576K
}

